<?xml version="1.0" encoding="UTF-8"?>
<testsuite xmlns:xsi="http://www.w3.org/2001/XMLSchema-instance" xsi:noNamespaceSchemaLocation="https://maven.apache.org/surefire/maven-surefire-plugin/xsd/surefire-test-report.xsd" name="com.tjh.AppTest" time="0.127" tests="1" errors="0" skipped="0" failures="0">
  <properties>
    <property name="gopherProxySet" value="false"/>
    <property name="awt.toolkit" value="sun.lwawt.macosx.LWCToolkit"/>
    <property name="file.encoding.pkg" value="sun.io"/>
    <property name="java.specification.version" value="1.8"/>
    <property name="sun.cpu.isalist" value=""/>
    <property name="sun.jnu.encoding" value="UTF-8"/>
    <property name="java.class.path" value="/Users/tangjuhong/kuainiu/sourcecode/spring_cloud_study/register_center/target/test-classes:/Users/tangjuhong/kuainiu/sourcecode/spring_cloud_study/register_center/target/classes:/Users/tangjuhong/software/develop/jar/org/springframework/cloud/spring-cloud-starter-netflix-eureka-server/2.0.2.RELEASE/spring-cloud-starter-netflix-eureka-server-2.0.2.RELEASE.jar:/Users/tangjuhong/software/develop/jar/org/springframework/cloud/spring-cloud-starter/2.0.2.RELEASE/spring-cloud-starter-2.0.2.RELEASE.jar:/Users/tangjuhong/software/develop/jar/org/springframework/cloud/spring-cloud-context/2.0.2.RELEASE/spring-cloud-context-2.0.2.RELEASE.jar:/Users/tangjuhong/software/develop/jar/org/springframework/cloud/spring-cloud-commons/2.0.2.RELEASE/spring-cloud-commons-2.0.2.RELEASE.jar:/Users/tangjuhong/software/develop/jar/org/springframework/security/spring-security-rsa/1.0.7.RELEASE/spring-security-rsa-1.0.7.RELEASE.jar:/Users/tangjuhong/software/develop/jar/org/bouncycastle/bcpkix-jdk15on/1.60/bcpkix-jdk15on-1.60.jar:/Users/tangjuhong/software/develop/jar/org/bouncycastle/bcprov-jdk15on/1.60/bcprov-jdk15on-1.60.jar:/Users/tangjuhong/software/develop/jar/org/springframework/cloud/spring-cloud-netflix-eureka-server/2.0.2.RELEASE/spring-cloud-netflix-eureka-server-2.0.2.RELEASE.jar:/Users/tangjuhong/software/develop/jar/org/springframework/boot/spring-boot-starter-actuator/2.0.5.RELEASE/spring-boot-starter-actuator-2.0.5.RELEASE.jar:/Users/tangjuhong/software/develop/jar/org/springframework/boot/spring-boot-actuator-autoconfigure/2.0.5.RELEASE/spring-boot-actuator-autoconfigure-2.0.5.RELEASE.jar:/Users/tangjuhong/software/develop/jar/org/springframework/boot/spring-boot-actuator/2.0.5.RELEASE/spring-boot-actuator-2.0.5.RELEASE.jar:/Users/tangjuhong/software/develop/jar/io/micrometer/micrometer-core/1.0.6/micrometer-core-1.0.6.jar:/Users/tangjuhong/software/develop/jar/org/hdrhistogram/HdrHistogram/2.1.10/HdrHistogram-2.1.10.jar:/Users/tangjuhong/software/develop/jar/org/latencyutils/LatencyUtils/2.0.3/LatencyUtils-2.0.3.jar:/Users/tangjuhong/software/develop/jar/org/springframework/boot/spring-boot-starter-freemarker/2.0.5.RELEASE/spring-boot-starter-freemarker-2.0.5.RELEASE.jar:/Users/tangjuhong/software/develop/jar/org/freemarker/freemarker/2.3.28/freemarker-2.3.28.jar:/Users/tangjuhong/software/develop/jar/org/springframework/spring-context-support/5.0.9.RELEASE/spring-context-support-5.0.9.RELEASE.jar:/Users/tangjuhong/software/develop/jar/org/springframework/cloud/spring-cloud-netflix-core/2.0.2.RELEASE/spring-cloud-netflix-core-2.0.2.RELEASE.jar:/Users/tangjuhong/software/develop/jar/org/springframework/boot/spring-boot-starter-aop/2.0.5.RELEASE/spring-boot-starter-aop-2.0.5.RELEASE.jar:/Users/tangjuhong/software/develop/jar/org/aspectj/aspectjweaver/1.8.13/aspectjweaver-1.8.13.jar:/Users/tangjuhong/software/develop/jar/org/springframework/cloud/spring-cloud-netflix-eureka-client/2.0.2.RELEASE/spring-cloud-netflix-eureka-client-2.0.2.RELEASE.jar:/Users/tangjuhong/software/develop/jar/com/netflix/eureka/eureka-client/1.9.3/eureka-client-1.9.3.jar:/Users/tangjuhong/software/develop/jar/org/codehaus/jettison/jettison/1.3.7/jettison-1.3.7.jar:/Users/tangjuhong/software/develop/jar/stax/stax-api/1.0.1/stax-api-1.0.1.jar:/Users/tangjuhong/software/develop/jar/com/netflix/netflix-commons/netflix-eventbus/0.3.0/netflix-eventbus-0.3.0.jar:/Users/tangjuhong/software/develop/jar/com/netflix/netflix-commons/netflix-infix/0.3.0/netflix-infix-0.3.0.jar:/Users/tangjuhong/software/develop/jar/commons-jxpath/commons-jxpath/1.3/commons-jxpath-1.3.jar:/Users/tangjuhong/software/develop/jar/joda-time/joda-time/2.9.9/joda-time-2.9.9.jar:/Users/tangjuhong/software/develop/jar/org/antlr/antlr-runtime/3.4/antlr-runtime-3.4.jar:/Users/tangjuhong/software/develop/jar/org/antlr/stringtemplate/3.2.1/stringtemplate-3.2.1.jar:/Users/tangjuhong/software/develop/jar/antlr/antlr/2.7.7/antlr-2.7.7.jar:/Users/tangjuhong/software/develop/jar/com/google/code/gson/gson/2.8.5/gson-2.8.5.jar:/Users/tangjuhong/software/develop/jar/org/apache/commons/commons-math/2.2/commons-math-2.2.jar:/Users/tangjuhong/software/develop/jar/javax/ws/rs/jsr311-api/1.1.1/jsr311-api-1.1.1.jar:/Users/tangjuhong/software/develop/jar/com/netflix/servo/servo-core/0.12.21/servo-core-0.12.21.jar:/Users/tangjuhong/software/develop/jar/com/sun/jersey/jersey-core/1.19.1/jersey-core-1.19.1.jar:/Users/tangjuhong/software/develop/jar/com/sun/jersey/jersey-client/1.19.1/jersey-client-1.19.1.jar:/Users/tangjuhong/software/develop/jar/com/sun/jersey/contribs/jersey-apache-client4/1.19.1/jersey-apache-client4-1.19.1.jar:/Users/tangjuhong/software/develop/jar/org/apache/httpcomponents/httpclient/4.5.6/httpclient-4.5.6.jar:/Users/tangjuhong/software/develop/jar/commons-codec/commons-codec/1.11/commons-codec-1.11.jar:/Users/tangjuhong/software/develop/jar/com/google/inject/guice/4.1.0/guice-4.1.0.jar:/Users/tangjuhong/software/develop/jar/aopalliance/aopalliance/1.0/aopalliance-1.0.jar:/Users/tangjuhong/software/develop/jar/com/github/vlsi/compactmap/compactmap/1.2.1/compactmap-1.2.1.jar:/Users/tangjuhong/software/develop/jar/com/github/andrewoma/dexx/dexx-collections/0.2/dexx-collections-0.2.jar:/Users/tangjuhong/software/develop/jar/com/sun/jersey/jersey-servlet/1.19.1/jersey-servlet-1.19.1.jar:/Users/tangjuhong/software/develop/jar/com/sun/jersey/jersey-server/1.19.1/jersey-server-1.19.1.jar:/Users/tangjuhong/software/develop/jar/com/netflix/eureka/eureka-core/1.9.3/eureka-core-1.9.3.jar:/Users/tangjuhong/software/develop/jar/org/codehaus/woodstox/woodstox-core-asl/4.4.1/woodstox-core-asl-4.4.1.jar:/Users/tangjuhong/software/develop/jar/javax/xml/stream/stax-api/1.0-2/stax-api-1.0-2.jar:/Users/tangjuhong/software/develop/jar/com/netflix/archaius/archaius-core/0.7.6/archaius-core-0.7.6.jar:/Users/tangjuhong/software/develop/jar/com/google/code/findbugs/jsr305/3.0.1/jsr305-3.0.1.jar:/Users/tangjuhong/software/develop/jar/com/google/guava/guava/16.0/guava-16.0.jar:/Users/tangjuhong/software/develop/jar/javax/inject/javax.inject/1/javax.inject-1.jar:/Users/tangjuhong/software/develop/jar/com/fasterxml/jackson/dataformat/jackson-dataformat-xml/2.9.6/jackson-dataformat-xml-2.9.6.jar:/Users/tangjuhong/software/develop/jar/com/fasterxml/jackson/module/jackson-module-jaxb-annotations/2.9.6/jackson-module-jaxb-annotations-2.9.6.jar:/Users/tangjuhong/software/develop/jar/org/codehaus/woodstox/stax2-api/3.1.4/stax2-api-3.1.4.jar:/Users/tangjuhong/software/develop/jar/com/fasterxml/woodstox/woodstox-core/5.0.3/woodstox-core-5.0.3.jar:/Users/tangjuhong/software/develop/jar/com/thoughtworks/xstream/xstream/1.4.10/xstream-1.4.10.jar:/Users/tangjuhong/software/develop/jar/xmlpull/xmlpull/1.1.3.1/xmlpull-1.1.3.1.jar:/Users/tangjuhong/software/develop/jar/xpp3/xpp3_min/1.1.4c/xpp3_min-1.1.4c.jar:/Users/tangjuhong/software/develop/jar/org/springframework/cloud/spring-cloud-starter-netflix-archaius/2.0.2.RELEASE/spring-cloud-starter-netflix-archaius-2.0.2.RELEASE.jar:/Users/tangjuhong/software/develop/jar/org/springframework/cloud/spring-cloud-netflix-ribbon/2.0.2.RELEASE/spring-cloud-netflix-ribbon-2.0.2.RELEASE.jar:/Users/tangjuhong/software/develop/jar/org/springframework/cloud/spring-cloud-netflix-archaius/2.0.2.RELEASE/spring-cloud-netflix-archaius-2.0.2.RELEASE.jar:/Users/tangjuhong/software/develop/jar/commons-configuration/commons-configuration/1.8/commons-configuration-1.8.jar:/Users/tangjuhong/software/develop/jar/commons-lang/commons-lang/2.6/commons-lang-2.6.jar:/Users/tangjuhong/software/develop/jar/org/springframework/cloud/spring-cloud-starter-netflix-ribbon/2.0.2.RELEASE/spring-cloud-starter-netflix-ribbon-2.0.2.RELEASE.jar:/Users/tangjuhong/software/develop/jar/com/netflix/ribbon/ribbon/2.2.5/ribbon-2.2.5.jar:/Users/tangjuhong/software/develop/jar/com/netflix/ribbon/ribbon-transport/2.2.5/ribbon-transport-2.2.5.jar:/Users/tangjuhong/software/develop/jar/io/reactivex/rxnetty-contexts/0.4.9/rxnetty-contexts-0.4.9.jar:/Users/tangjuhong/software/develop/jar/io/reactivex/rxnetty-servo/0.4.9/rxnetty-servo-0.4.9.jar:/Users/tangjuhong/software/develop/jar/com/netflix/hystrix/hystrix-core/1.5.12/hystrix-core-1.5.12.jar:/Users/tangjuhong/software/develop/jar/io/reactivex/rxnetty/0.4.9/rxnetty-0.4.9.jar:/Users/tangjuhong/software/develop/jar/com/netflix/ribbon/ribbon-core/2.2.5/ribbon-core-2.2.5.jar:/Users/tangjuhong/software/develop/jar/com/netflix/ribbon/ribbon-httpclient/2.2.5/ribbon-httpclient-2.2.5.jar:/Users/tangjuhong/software/develop/jar/commons-collections/commons-collections/3.2.2/commons-collections-3.2.2.jar:/Users/tangjuhong/software/develop/jar/com/netflix/netflix-commons/netflix-commons-util/0.3.0/netflix-commons-util-0.3.0.jar:/Users/tangjuhong/software/develop/jar/com/netflix/ribbon/ribbon-loadbalancer/2.2.5/ribbon-loadbalancer-2.2.5.jar:/Users/tangjuhong/software/develop/jar/com/netflix/netflix-commons/netflix-statistics/0.1.1/netflix-statistics-0.1.1.jar:/Users/tangjuhong/software/develop/jar/io/reactivex/rxjava/1.3.8/rxjava-1.3.8.jar:/Users/tangjuhong/software/develop/jar/com/netflix/ribbon/ribbon-eureka/2.2.5/ribbon-eureka-2.2.5.jar:/Users/tangjuhong/software/develop/jar/org/slf4j/slf4j-api/1.7.25/slf4j-api-1.7.25.jar:/Users/tangjuhong/software/develop/jar/org/springframework/boot/spring-boot-starter-test/2.0.5.RELEASE/spring-boot-starter-test-2.0.5.RELEASE.jar:/Users/tangjuhong/software/develop/jar/org/springframework/boot/spring-boot-starter/2.0.5.RELEASE/spring-boot-starter-2.0.5.RELEASE.jar:/Users/tangjuhong/software/develop/jar/org/springframework/boot/spring-boot/2.0.5.RELEASE/spring-boot-2.0.5.RELEASE.jar:/Users/tangjuhong/software/develop/jar/org/springframework/boot/spring-boot-autoconfigure/2.0.5.RELEASE/spring-boot-autoconfigure-2.0.5.RELEASE.jar:/Users/tangjuhong/software/develop/jar/org/springframework/boot/spring-boot-starter-logging/2.0.5.RELEASE/spring-boot-starter-logging-2.0.5.RELEASE.jar:/Users/tangjuhong/software/develop/jar/ch/qos/logback/logback-classic/1.2.3/logback-classic-1.2.3.jar:/Users/tangjuhong/software/develop/jar/org/apache/logging/log4j/log4j-to-slf4j/2.10.0/log4j-to-slf4j-2.10.0.jar:/Users/tangjuhong/software/develop/jar/org/apache/logging/log4j/log4j-api/2.10.0/log4j-api-2.10.0.jar:/Users/tangjuhong/software/develop/jar/org/slf4j/jul-to-slf4j/1.7.25/jul-to-slf4j-1.7.25.jar:/Users/tangjuhong/software/develop/jar/javax/annotation/javax.annotation-api/1.3.2/javax.annotation-api-1.3.2.jar:/Users/tangjuhong/software/develop/jar/org/yaml/snakeyaml/1.19/snakeyaml-1.19.jar:/Users/tangjuhong/software/develop/jar/org/springframework/boot/spring-boot-test/2.0.5.RELEASE/spring-boot-test-2.0.5.RELEASE.jar:/Users/tangjuhong/software/develop/jar/org/springframework/boot/spring-boot-test-autoconfigure/2.0.5.RELEASE/spring-boot-test-autoconfigure-2.0.5.RELEASE.jar:/Users/tangjuhong/software/develop/jar/com/jayway/jsonpath/json-path/2.4.0/json-path-2.4.0.jar:/Users/tangjuhong/software/develop/jar/net/minidev/json-smart/2.3/json-smart-2.3.jar:/Users/tangjuhong/software/develop/jar/net/minidev/accessors-smart/1.2/accessors-smart-1.2.jar:/Users/tangjuhong/software/develop/jar/org/ow2/asm/asm/5.0.4/asm-5.0.4.jar:/Users/tangjuhong/software/develop/jar/junit/junit/4.12/junit-4.12.jar:/Users/tangjuhong/software/develop/jar/org/assertj/assertj-core/3.9.1/assertj-core-3.9.1.jar:/Users/tangjuhong/software/develop/jar/org/mockito/mockito-core/2.15.0/mockito-core-2.15.0.jar:/Users/tangjuhong/software/develop/jar/net/bytebuddy/byte-buddy/1.7.11/byte-buddy-1.7.11.jar:/Users/tangjuhong/software/develop/jar/net/bytebuddy/byte-buddy-agent/1.7.11/byte-buddy-agent-1.7.11.jar:/Users/tangjuhong/software/develop/jar/org/objenesis/objenesis/2.6/objenesis-2.6.jar:/Users/tangjuhong/software/develop/jar/org/hamcrest/hamcrest-core/1.3/hamcrest-core-1.3.jar:/Users/tangjuhong/software/develop/jar/org/hamcrest/hamcrest-library/1.3/hamcrest-library-1.3.jar:/Users/tangjuhong/software/develop/jar/org/skyscreamer/jsonassert/1.5.0/jsonassert-1.5.0.jar:/Users/tangjuhong/software/develop/jar/com/vaadin/external/google/android-json/0.0.20131108.vaadin1/android-json-0.0.20131108.vaadin1.jar:/Users/tangjuhong/software/develop/jar/org/springframework/spring-core/5.0.9.RELEASE/spring-core-5.0.9.RELEASE.jar:/Users/tangjuhong/software/develop/jar/org/springframework/spring-jcl/5.0.9.RELEASE/spring-jcl-5.0.9.RELEASE.jar:/Users/tangjuhong/software/develop/jar/org/springframework/spring-test/5.0.9.RELEASE/spring-test-5.0.9.RELEASE.jar:/Users/tangjuhong/software/develop/jar/org/xmlunit/xmlunit-core/2.5.1/xmlunit-core-2.5.1.jar:/Users/tangjuhong/software/develop/jar/org/springframework/boot/spring-boot-configuration-processor/2.0.5.RELEASE/spring-boot-configuration-processor-2.0.5.RELEASE.jar:/Users/tangjuhong/software/develop/jar/org/springframework/cloud/spring-cloud-starter-bus-amqp/2.0.0.RELEASE/spring-cloud-starter-bus-amqp-2.0.0.RELEASE.jar:/Users/tangjuhong/software/develop/jar/org/springframework/cloud/spring-cloud-starter-stream-rabbit/2.0.1.RELEASE/spring-cloud-starter-stream-rabbit-2.0.1.RELEASE.jar:/Users/tangjuhong/software/develop/jar/org/springframework/cloud/spring-cloud-stream-binder-rabbit/2.0.1.RELEASE/spring-cloud-stream-binder-rabbit-2.0.1.RELEASE.jar:/Users/tangjuhong/software/develop/jar/org/springframework/cloud/spring-cloud-stream-binder-rabbit-core/2.0.1.RELEASE/spring-cloud-stream-binder-rabbit-core-2.0.1.RELEASE.jar:/Users/tangjuhong/software/develop/jar/com/rabbitmq/http-client/2.0.1.RELEASE/http-client-2.0.1.RELEASE.jar:/Users/tangjuhong/software/develop/jar/org/springframework/spring-webflux/5.0.9.RELEASE/spring-webflux-5.0.9.RELEASE.jar:/Users/tangjuhong/software/develop/jar/io/projectreactor/ipc/reactor-netty/0.7.9.RELEASE/reactor-netty-0.7.9.RELEASE.jar:/Users/tangjuhong/software/develop/jar/io/netty/netty-codec-http/4.1.29.Final/netty-codec-http-4.1.29.Final.jar:/Users/tangjuhong/software/develop/jar/io/netty/netty-codec/4.1.29.Final/netty-codec-4.1.29.Final.jar:/Users/tangjuhong/software/develop/jar/io/netty/netty-handler/4.1.29.Final/netty-handler-4.1.29.Final.jar:/Users/tangjuhong/software/develop/jar/io/netty/netty-buffer/4.1.29.Final/netty-buffer-4.1.29.Final.jar:/Users/tangjuhong/software/develop/jar/io/netty/netty-transport/4.1.29.Final/netty-transport-4.1.29.Final.jar:/Users/tangjuhong/software/develop/jar/io/netty/netty-resolver/4.1.29.Final/netty-resolver-4.1.29.Final.jar:/Users/tangjuhong/software/develop/jar/io/netty/netty-handler-proxy/4.1.29.Final/netty-handler-proxy-4.1.29.Final.jar:/Users/tangjuhong/software/develop/jar/io/netty/netty-codec-socks/4.1.29.Final/netty-codec-socks-4.1.29.Final.jar:/Users/tangjuhong/software/develop/jar/io/netty/netty-transport-native-epoll/4.1.29.Final/netty-transport-native-epoll-4.1.29.Final-linux-x86_64.jar:/Users/tangjuhong/software/develop/jar/io/netty/netty-common/4.1.29.Final/netty-common-4.1.29.Final.jar:/Users/tangjuhong/software/develop/jar/io/netty/netty-transport-native-unix-common/4.1.29.Final/netty-transport-native-unix-common-4.1.29.Final.jar:/Users/tangjuhong/software/develop/jar/org/springframework/boot/spring-boot-starter-amqp/2.0.5.RELEASE/spring-boot-starter-amqp-2.0.5.RELEASE.jar:/Users/tangjuhong/software/develop/jar/org/springframework/amqp/spring-rabbit/2.0.6.RELEASE/spring-rabbit-2.0.6.RELEASE.jar:/Users/tangjuhong/software/develop/jar/org/springframework/amqp/spring-amqp/2.0.6.RELEASE/spring-amqp-2.0.6.RELEASE.jar:/Users/tangjuhong/software/develop/jar/com/rabbitmq/amqp-client/5.4.1/amqp-client-5.4.1.jar:/Users/tangjuhong/software/develop/jar/org/springframework/integration/spring-integration-amqp/5.0.8.RELEASE/spring-integration-amqp-5.0.8.RELEASE.jar:/Users/tangjuhong/software/develop/jar/org/springframework/integration/spring-integration-jmx/5.0.8.RELEASE/spring-integration-jmx-5.0.8.RELEASE.jar:/Users/tangjuhong/software/develop/jar/org/springframework/cloud/spring-cloud-bus/2.0.0.RELEASE/spring-cloud-bus-2.0.0.RELEASE.jar:/Users/tangjuhong/software/develop/jar/org/springframework/cloud/spring-cloud-stream/2.0.1.RELEASE/spring-cloud-stream-2.0.1.RELEASE.jar:/Users/tangjuhong/software/develop/jar/org/springframework/boot/spring-boot-starter-validation/2.0.5.RELEASE/spring-boot-starter-validation-2.0.5.RELEASE.jar:/Users/tangjuhong/software/develop/jar/org/springframework/spring-messaging/5.0.9.RELEASE/spring-messaging-5.0.9.RELEASE.jar:/Users/tangjuhong/software/develop/jar/org/springframework/spring-tuple/1.0.0.RELEASE/spring-tuple-1.0.0.RELEASE.jar:/Users/tangjuhong/software/develop/jar/com/esotericsoftware/kryo-shaded/3.0.3/kryo-shaded-3.0.3.jar:/Users/tangjuhong/software/develop/jar/com/esotericsoftware/minlog/1.3.0/minlog-1.3.0.jar:/Users/tangjuhong/software/develop/jar/org/springframework/integration/spring-integration-tuple/1.0.0.RELEASE/spring-integration-tuple-1.0.0.RELEASE.jar:/Users/tangjuhong/software/develop/jar/org/springframework/retry/spring-retry/1.2.2.RELEASE/spring-retry-1.2.2.RELEASE.jar:/Users/tangjuhong/software/develop/jar/org/springframework/integration/spring-integration-core/5.0.8.RELEASE/spring-integration-core-5.0.8.RELEASE.jar:/Users/tangjuhong/software/develop/jar/org/springframework/spring-tx/5.0.9.RELEASE/spring-tx-5.0.9.RELEASE.jar:/Users/tangjuhong/software/develop/jar/io/projectreactor/reactor-core/3.1.9.RELEASE/reactor-core-3.1.9.RELEASE.jar:/Users/tangjuhong/software/develop/jar/org/reactivestreams/reactive-streams/1.0.2/reactive-streams-1.0.2.jar:/Users/tangjuhong/software/develop/jar/org/springframework/cloud/spring-cloud-config-monitor/2.0.2.RELEASE/spring-cloud-config-monitor-2.0.2.RELEASE.jar:/Users/tangjuhong/software/develop/jar/org/springframework/cloud/spring-cloud-config-server/2.0.2.RELEASE/spring-cloud-config-server-2.0.2.RELEASE.jar:/Users/tangjuhong/software/develop/jar/org/springframework/cloud/spring-cloud-config-client/2.0.2.RELEASE/spring-cloud-config-client-2.0.2.RELEASE.jar:/Users/tangjuhong/software/develop/jar/org/springframework/security/spring-security-crypto/5.0.8.RELEASE/spring-security-crypto-5.0.8.RELEASE.jar:/Users/tangjuhong/software/develop/jar/org/eclipse/jgit/org.eclipse.jgit/4.11.0.201803080745-r/org.eclipse.jgit-4.11.0.201803080745-r.jar:/Users/tangjuhong/software/develop/jar/com/jcraft/jsch/0.1.54/jsch-0.1.54.jar:/Users/tangjuhong/software/develop/jar/com/jcraft/jzlib/1.1.1/jzlib-1.1.1.jar:/Users/tangjuhong/software/develop/jar/com/googlecode/javaewah/JavaEWAH/1.1.6/JavaEWAH-1.1.6.jar:/Users/tangjuhong/software/develop/jar/org/eclipse/jgit/org.eclipse.jgit.http.apache/4.11.0.201803080745-r/org.eclipse.jgit.http.apache-4.11.0.201803080745-r.jar:/Users/tangjuhong/software/develop/jar/org/apache/httpcomponents/httpcore/4.4.10/httpcore-4.4.10.jar:/Users/tangjuhong/software/develop/jar/net/logstash/logback/logstash-logback-encoder/5.1/logstash-logback-encoder-5.1.jar:/Users/tangjuhong/software/develop/jar/ch/qos/logback/logback-core/1.2.3/logback-core-1.2.3.jar:/Users/tangjuhong/software/develop/jar/com/fasterxml/jackson/core/jackson-databind/2.9.6/jackson-databind-2.9.6.jar:/Users/tangjuhong/software/develop/jar/com/fasterxml/jackson/core/jackson-annotations/2.9.0/jackson-annotations-2.9.0.jar:/Users/tangjuhong/software/develop/jar/com/fasterxml/jackson/core/jackson-core/2.9.6/jackson-core-2.9.6.jar:/Users/tangjuhong/software/develop/jar/com/alibaba/fastjson/1.1.43/fastjson-1.1.43.jar:/Users/tangjuhong/software/develop/jar/org/springframework/boot/spring-boot-starter-web/2.0.5.RELEASE/spring-boot-starter-web-2.0.5.RELEASE.jar:/Users/tangjuhong/software/develop/jar/org/springframework/boot/spring-boot-starter-json/2.0.5.RELEASE/spring-boot-starter-json-2.0.5.RELEASE.jar:/Users/tangjuhong/software/develop/jar/com/fasterxml/jackson/datatype/jackson-datatype-jdk8/2.9.6/jackson-datatype-jdk8-2.9.6.jar:/Users/tangjuhong/software/develop/jar/com/fasterxml/jackson/datatype/jackson-datatype-jsr310/2.9.6/jackson-datatype-jsr310-2.9.6.jar:/Users/tangjuhong/software/develop/jar/com/fasterxml/jackson/module/jackson-module-parameter-names/2.9.6/jackson-module-parameter-names-2.9.6.jar:/Users/tangjuhong/software/develop/jar/org/springframework/boot/spring-boot-starter-tomcat/2.0.5.RELEASE/spring-boot-starter-tomcat-2.0.5.RELEASE.jar:/Users/tangjuhong/software/develop/jar/org/apache/tomcat/embed/tomcat-embed-core/8.5.34/tomcat-embed-core-8.5.34.jar:/Users/tangjuhong/software/develop/jar/org/apache/tomcat/embed/tomcat-embed-el/8.5.34/tomcat-embed-el-8.5.34.jar:/Users/tangjuhong/software/develop/jar/org/apache/tomcat/embed/tomcat-embed-websocket/8.5.34/tomcat-embed-websocket-8.5.34.jar:/Users/tangjuhong/software/develop/jar/org/hibernate/validator/hibernate-validator/6.0.12.Final/hibernate-validator-6.0.12.Final.jar:/Users/tangjuhong/software/develop/jar/javax/validation/validation-api/2.0.1.Final/validation-api-2.0.1.Final.jar:/Users/tangjuhong/software/develop/jar/org/jboss/logging/jboss-logging/3.3.2.Final/jboss-logging-3.3.2.Final.jar:/Users/tangjuhong/software/develop/jar/com/fasterxml/classmate/1.3.4/classmate-1.3.4.jar:/Users/tangjuhong/software/develop/jar/org/springframework/spring-web/5.0.9.RELEASE/spring-web-5.0.9.RELEASE.jar:/Users/tangjuhong/software/develop/jar/org/springframework/spring-beans/5.0.9.RELEASE/spring-beans-5.0.9.RELEASE.jar:/Users/tangjuhong/software/develop/jar/org/springframework/spring-webmvc/5.0.9.RELEASE/spring-webmvc-5.0.9.RELEASE.jar:/Users/tangjuhong/software/develop/jar/org/springframework/spring-aop/5.0.9.RELEASE/spring-aop-5.0.9.RELEASE.jar:/Users/tangjuhong/software/develop/jar/org/springframework/spring-context/5.0.9.RELEASE/spring-context-5.0.9.RELEASE.jar:/Users/tangjuhong/software/develop/jar/org/springframework/spring-expression/5.0.9.RELEASE/spring-expression-5.0.9.RELEASE.jar:"/>
    <property name="java.vm.vendor" value="Oracle Corporation"/>
    <property name="sun.arch.data.model" value="64"/>
    <property name="java.vendor.url" value="http://java.oracle.com/"/>
    <property name="user.timezone" value=""/>
    <property name="java.vm.specification.version" value="1.8"/>
    <property name="os.name" value="Mac OS X"/>
    <property name="user.country" value="CN"/>
    <property name="sun.java.launcher" value="SUN_STANDARD"/>
    <property name="sun.boot.library.path" value="/Library/Java/JavaVirtualMachines/jdk1.8.0_171.jdk/Contents/Home/jre/lib"/>
    <property name="sun.java.command" value="/Users/tangjuhong/kuainiu/sourcecode/spring_cloud_study/register_center/target/surefire/surefirebooter4770692960455246194.jar /Users/tangjuhong/kuainiu/sourcecode/spring_cloud_study/register_center/target/surefire 2019-12-05T14-23-12_116-jvmRun1 surefire1896826532516554663tmp surefire_02382744858090423628tmp"/>
    <property name="surefire.test.class.path" value="/Users/tangjuhong/kuainiu/sourcecode/spring_cloud_study/register_center/target/test-classes:/Users/tangjuhong/kuainiu/sourcecode/spring_cloud_study/register_center/target/classes:/Users/tangjuhong/software/develop/jar/org/springframework/cloud/spring-cloud-starter-netflix-eureka-server/2.0.2.RELEASE/spring-cloud-starter-netflix-eureka-server-2.0.2.RELEASE.jar:/Users/tangjuhong/software/develop/jar/org/springframework/cloud/spring-cloud-starter/2.0.2.RELEASE/spring-cloud-starter-2.0.2.RELEASE.jar:/Users/tangjuhong/software/develop/jar/org/springframework/cloud/spring-cloud-context/2.0.2.RELEASE/spring-cloud-context-2.0.2.RELEASE.jar:/Users/tangjuhong/software/develop/jar/org/springframework/cloud/spring-cloud-commons/2.0.2.RELEASE/spring-cloud-commons-2.0.2.RELEASE.jar:/Users/tangjuhong/software/develop/jar/org/springframework/security/spring-security-rsa/1.0.7.RELEASE/spring-security-rsa-1.0.7.RELEASE.jar:/Users/tangjuhong/software/develop/jar/org/bouncycastle/bcpkix-jdk15on/1.60/bcpkix-jdk15on-1.60.jar:/Users/tangjuhong/software/develop/jar/org/bouncycastle/bcprov-jdk15on/1.60/bcprov-jdk15on-1.60.jar:/Users/tangjuhong/software/develop/jar/org/springframework/cloud/spring-cloud-netflix-eureka-server/2.0.2.RELEASE/spring-cloud-netflix-eureka-server-2.0.2.RELEASE.jar:/Users/tangjuhong/software/develop/jar/org/springframework/boot/spring-boot-starter-actuator/2.0.5.RELEASE/spring-boot-starter-actuator-2.0.5.RELEASE.jar:/Users/tangjuhong/software/develop/jar/org/springframework/boot/spring-boot-actuator-autoconfigure/2.0.5.RELEASE/spring-boot-actuator-autoconfigure-2.0.5.RELEASE.jar:/Users/tangjuhong/software/develop/jar/org/springframework/boot/spring-boot-actuator/2.0.5.RELEASE/spring-boot-actuator-2.0.5.RELEASE.jar:/Users/tangjuhong/software/develop/jar/io/micrometer/micrometer-core/1.0.6/micrometer-core-1.0.6.jar:/Users/tangjuhong/software/develop/jar/org/hdrhistogram/HdrHistogram/2.1.10/HdrHistogram-2.1.10.jar:/Users/tangjuhong/software/develop/jar/org/latencyutils/LatencyUtils/2.0.3/LatencyUtils-2.0.3.jar:/Users/tangjuhong/software/develop/jar/org/springframework/boot/spring-boot-starter-freemarker/2.0.5.RELEASE/spring-boot-starter-freemarker-2.0.5.RELEASE.jar:/Users/tangjuhong/software/develop/jar/org/freemarker/freemarker/2.3.28/freemarker-2.3.28.jar:/Users/tangjuhong/software/develop/jar/org/springframework/spring-context-support/5.0.9.RELEASE/spring-context-support-5.0.9.RELEASE.jar:/Users/tangjuhong/software/develop/jar/org/springframework/cloud/spring-cloud-netflix-core/2.0.2.RELEASE/spring-cloud-netflix-core-2.0.2.RELEASE.jar:/Users/tangjuhong/software/develop/jar/org/springframework/boot/spring-boot-starter-aop/2.0.5.RELEASE/spring-boot-starter-aop-2.0.5.RELEASE.jar:/Users/tangjuhong/software/develop/jar/org/aspectj/aspectjweaver/1.8.13/aspectjweaver-1.8.13.jar:/Users/tangjuhong/software/develop/jar/org/springframework/cloud/spring-cloud-netflix-eureka-client/2.0.2.RELEASE/spring-cloud-netflix-eureka-client-2.0.2.RELEASE.jar:/Users/tangjuhong/software/develop/jar/com/netflix/eureka/eureka-client/1.9.3/eureka-client-1.9.3.jar:/Users/tangjuhong/software/develop/jar/org/codehaus/jettison/jettison/1.3.7/jettison-1.3.7.jar:/Users/tangjuhong/software/develop/jar/stax/stax-api/1.0.1/stax-api-1.0.1.jar:/Users/tangjuhong/software/develop/jar/com/netflix/netflix-commons/netflix-eventbus/0.3.0/netflix-eventbus-0.3.0.jar:/Users/tangjuhong/software/develop/jar/com/netflix/netflix-commons/netflix-infix/0.3.0/netflix-infix-0.3.0.jar:/Users/tangjuhong/software/develop/jar/commons-jxpath/commons-jxpath/1.3/commons-jxpath-1.3.jar:/Users/tangjuhong/software/develop/jar/joda-time/joda-time/2.9.9/joda-time-2.9.9.jar:/Users/tangjuhong/software/develop/jar/org/antlr/antlr-runtime/3.4/antlr-runtime-3.4.jar:/Users/tangjuhong/software/develop/jar/org/antlr/stringtemplate/3.2.1/stringtemplate-3.2.1.jar:/Users/tangjuhong/software/develop/jar/antlr/antlr/2.7.7/antlr-2.7.7.jar:/Users/tangjuhong/software/develop/jar/com/google/code/gson/gson/2.8.5/gson-2.8.5.jar:/Users/tangjuhong/software/develop/jar/org/apache/commons/commons-math/2.2/commons-math-2.2.jar:/Users/tangjuhong/software/develop/jar/javax/ws/rs/jsr311-api/1.1.1/jsr311-api-1.1.1.jar:/Users/tangjuhong/software/develop/jar/com/netflix/servo/servo-core/0.12.21/servo-core-0.12.21.jar:/Users/tangjuhong/software/develop/jar/com/sun/jersey/jersey-core/1.19.1/jersey-core-1.19.1.jar:/Users/tangjuhong/software/develop/jar/com/sun/jersey/jersey-client/1.19.1/jersey-client-1.19.1.jar:/Users/tangjuhong/software/develop/jar/com/sun/jersey/contribs/jersey-apache-client4/1.19.1/jersey-apache-client4-1.19.1.jar:/Users/tangjuhong/software/develop/jar/org/apache/httpcomponents/httpclient/4.5.6/httpclient-4.5.6.jar:/Users/tangjuhong/software/develop/jar/commons-codec/commons-codec/1.11/commons-codec-1.11.jar:/Users/tangjuhong/software/develop/jar/com/google/inject/guice/4.1.0/guice-4.1.0.jar:/Users/tangjuhong/software/develop/jar/aopalliance/aopalliance/1.0/aopalliance-1.0.jar:/Users/tangjuhong/software/develop/jar/com/github/vlsi/compactmap/compactmap/1.2.1/compactmap-1.2.1.jar:/Users/tangjuhong/software/develop/jar/com/github/andrewoma/dexx/dexx-collections/0.2/dexx-collections-0.2.jar:/Users/tangjuhong/software/develop/jar/com/sun/jersey/jersey-servlet/1.19.1/jersey-servlet-1.19.1.jar:/Users/tangjuhong/software/develop/jar/com/sun/jersey/jersey-server/1.19.1/jersey-server-1.19.1.jar:/Users/tangjuhong/software/develop/jar/com/netflix/eureka/eureka-core/1.9.3/eureka-core-1.9.3.jar:/Users/tangjuhong/software/develop/jar/org/codehaus/woodstox/woodstox-core-asl/4.4.1/woodstox-core-asl-4.4.1.jar:/Users/tangjuhong/software/develop/jar/javax/xml/stream/stax-api/1.0-2/stax-api-1.0-2.jar:/Users/tangjuhong/software/develop/jar/com/netflix/archaius/archaius-core/0.7.6/archaius-core-0.7.6.jar:/Users/tangjuhong/software/develop/jar/com/google/code/findbugs/jsr305/3.0.1/jsr305-3.0.1.jar:/Users/tangjuhong/software/develop/jar/com/google/guava/guava/16.0/guava-16.0.jar:/Users/tangjuhong/software/develop/jar/javax/inject/javax.inject/1/javax.inject-1.jar:/Users/tangjuhong/software/develop/jar/com/fasterxml/jackson/dataformat/jackson-dataformat-xml/2.9.6/jackson-dataformat-xml-2.9.6.jar:/Users/tangjuhong/software/develop/jar/com/fasterxml/jackson/module/jackson-module-jaxb-annotations/2.9.6/jackson-module-jaxb-annotations-2.9.6.jar:/Users/tangjuhong/software/develop/jar/org/codehaus/woodstox/stax2-api/3.1.4/stax2-api-3.1.4.jar:/Users/tangjuhong/software/develop/jar/com/fasterxml/woodstox/woodstox-core/5.0.3/woodstox-core-5.0.3.jar:/Users/tangjuhong/software/develop/jar/com/thoughtworks/xstream/xstream/1.4.10/xstream-1.4.10.jar:/Users/tangjuhong/software/develop/jar/xmlpull/xmlpull/1.1.3.1/xmlpull-1.1.3.1.jar:/Users/tangjuhong/software/develop/jar/xpp3/xpp3_min/1.1.4c/xpp3_min-1.1.4c.jar:/Users/tangjuhong/software/develop/jar/org/springframework/cloud/spring-cloud-starter-netflix-archaius/2.0.2.RELEASE/spring-cloud-starter-netflix-archaius-2.0.2.RELEASE.jar:/Users/tangjuhong/software/develop/jar/org/springframework/cloud/spring-cloud-netflix-ribbon/2.0.2.RELEASE/spring-cloud-netflix-ribbon-2.0.2.RELEASE.jar:/Users/tangjuhong/software/develop/jar/org/springframework/cloud/spring-cloud-netflix-archaius/2.0.2.RELEASE/spring-cloud-netflix-archaius-2.0.2.RELEASE.jar:/Users/tangjuhong/software/develop/jar/commons-configuration/commons-configuration/1.8/commons-configuration-1.8.jar:/Users/tangjuhong/software/develop/jar/commons-lang/commons-lang/2.6/commons-lang-2.6.jar:/Users/tangjuhong/software/develop/jar/org/springframework/cloud/spring-cloud-starter-netflix-ribbon/2.0.2.RELEASE/spring-cloud-starter-netflix-ribbon-2.0.2.RELEASE.jar:/Users/tangjuhong/software/develop/jar/com/netflix/ribbon/ribbon/2.2.5/ribbon-2.2.5.jar:/Users/tangjuhong/software/develop/jar/com/netflix/ribbon/ribbon-transport/2.2.5/ribbon-transport-2.2.5.jar:/Users/tangjuhong/software/develop/jar/io/reactivex/rxnetty-contexts/0.4.9/rxnetty-contexts-0.4.9.jar:/Users/tangjuhong/software/develop/jar/io/reactivex/rxnetty-servo/0.4.9/rxnetty-servo-0.4.9.jar:/Users/tangjuhong/software/develop/jar/com/netflix/hystrix/hystrix-core/1.5.12/hystrix-core-1.5.12.jar:/Users/tangjuhong/software/develop/jar/io/reactivex/rxnetty/0.4.9/rxnetty-0.4.9.jar:/Users/tangjuhong/software/develop/jar/com/netflix/ribbon/ribbon-core/2.2.5/ribbon-core-2.2.5.jar:/Users/tangjuhong/software/develop/jar/com/netflix/ribbon/ribbon-httpclient/2.2.5/ribbon-httpclient-2.2.5.jar:/Users/tangjuhong/software/develop/jar/commons-collections/commons-collections/3.2.2/commons-collections-3.2.2.jar:/Users/tangjuhong/software/develop/jar/com/netflix/netflix-commons/netflix-commons-util/0.3.0/netflix-commons-util-0.3.0.jar:/Users/tangjuhong/software/develop/jar/com/netflix/ribbon/ribbon-loadbalancer/2.2.5/ribbon-loadbalancer-2.2.5.jar:/Users/tangjuhong/software/develop/jar/com/netflix/netflix-commons/netflix-statistics/0.1.1/netflix-statistics-0.1.1.jar:/Users/tangjuhong/software/develop/jar/io/reactivex/rxjava/1.3.8/rxjava-1.3.8.jar:/Users/tangjuhong/software/develop/jar/com/netflix/ribbon/ribbon-eureka/2.2.5/ribbon-eureka-2.2.5.jar:/Users/tangjuhong/software/develop/jar/org/slf4j/slf4j-api/1.7.25/slf4j-api-1.7.25.jar:/Users/tangjuhong/software/develop/jar/org/springframework/boot/spring-boot-starter-test/2.0.5.RELEASE/spring-boot-starter-test-2.0.5.RELEASE.jar:/Users/tangjuhong/software/develop/jar/org/springframework/boot/spring-boot-starter/2.0.5.RELEASE/spring-boot-starter-2.0.5.RELEASE.jar:/Users/tangjuhong/software/develop/jar/org/springframework/boot/spring-boot/2.0.5.RELEASE/spring-boot-2.0.5.RELEASE.jar:/Users/tangjuhong/software/develop/jar/org/springframework/boot/spring-boot-autoconfigure/2.0.5.RELEASE/spring-boot-autoconfigure-2.0.5.RELEASE.jar:/Users/tangjuhong/software/develop/jar/org/springframework/boot/spring-boot-starter-logging/2.0.5.RELEASE/spring-boot-starter-logging-2.0.5.RELEASE.jar:/Users/tangjuhong/software/develop/jar/ch/qos/logback/logback-classic/1.2.3/logback-classic-1.2.3.jar:/Users/tangjuhong/software/develop/jar/org/apache/logging/log4j/log4j-to-slf4j/2.10.0/log4j-to-slf4j-2.10.0.jar:/Users/tangjuhong/software/develop/jar/org/apache/logging/log4j/log4j-api/2.10.0/log4j-api-2.10.0.jar:/Users/tangjuhong/software/develop/jar/org/slf4j/jul-to-slf4j/1.7.25/jul-to-slf4j-1.7.25.jar:/Users/tangjuhong/software/develop/jar/javax/annotation/javax.annotation-api/1.3.2/javax.annotation-api-1.3.2.jar:/Users/tangjuhong/software/develop/jar/org/yaml/snakeyaml/1.19/snakeyaml-1.19.jar:/Users/tangjuhong/software/develop/jar/org/springframework/boot/spring-boot-test/2.0.5.RELEASE/spring-boot-test-2.0.5.RELEASE.jar:/Users/tangjuhong/software/develop/jar/org/springframework/boot/spring-boot-test-autoconfigure/2.0.5.RELEASE/spring-boot-test-autoconfigure-2.0.5.RELEASE.jar:/Users/tangjuhong/software/develop/jar/com/jayway/jsonpath/json-path/2.4.0/json-path-2.4.0.jar:/Users/tangjuhong/software/develop/jar/net/minidev/json-smart/2.3/json-smart-2.3.jar:/Users/tangjuhong/software/develop/jar/net/minidev/accessors-smart/1.2/accessors-smart-1.2.jar:/Users/tangjuhong/software/develop/jar/org/ow2/asm/asm/5.0.4/asm-5.0.4.jar:/Users/tangjuhong/software/develop/jar/junit/junit/4.12/junit-4.12.jar:/Users/tangjuhong/software/develop/jar/org/assertj/assertj-core/3.9.1/assertj-core-3.9.1.jar:/Users/tangjuhong/software/develop/jar/org/mockito/mockito-core/2.15.0/mockito-core-2.15.0.jar:/Users/tangjuhong/software/develop/jar/net/bytebuddy/byte-buddy/1.7.11/byte-buddy-1.7.11.jar:/Users/tangjuhong/software/develop/jar/net/bytebuddy/byte-buddy-agent/1.7.11/byte-buddy-agent-1.7.11.jar:/Users/tangjuhong/software/develop/jar/org/objenesis/objenesis/2.6/objenesis-2.6.jar:/Users/tangjuhong/software/develop/jar/org/hamcrest/hamcrest-core/1.3/hamcrest-core-1.3.jar:/Users/tangjuhong/software/develop/jar/org/hamcrest/hamcrest-library/1.3/hamcrest-library-1.3.jar:/Users/tangjuhong/software/develop/jar/org/skyscreamer/jsonassert/1.5.0/jsonassert-1.5.0.jar:/Users/tangjuhong/software/develop/jar/com/vaadin/external/google/android-json/0.0.20131108.vaadin1/android-json-0.0.20131108.vaadin1.jar:/Users/tangjuhong/software/develop/jar/org/springframework/spring-core/5.0.9.RELEASE/spring-core-5.0.9.RELEASE.jar:/Users/tangjuhong/software/develop/jar/org/springframework/spring-jcl/5.0.9.RELEASE/spring-jcl-5.0.9.RELEASE.jar:/Users/tangjuhong/software/develop/jar/org/springframework/spring-test/5.0.9.RELEASE/spring-test-5.0.9.RELEASE.jar:/Users/tangjuhong/software/develop/jar/org/xmlunit/xmlunit-core/2.5.1/xmlunit-core-2.5.1.jar:/Users/tangjuhong/software/develop/jar/org/springframework/boot/spring-boot-configuration-processor/2.0.5.RELEASE/spring-boot-configuration-processor-2.0.5.RELEASE.jar:/Users/tangjuhong/software/develop/jar/org/springframework/cloud/spring-cloud-starter-bus-amqp/2.0.0.RELEASE/spring-cloud-starter-bus-amqp-2.0.0.RELEASE.jar:/Users/tangjuhong/software/develop/jar/org/springframework/cloud/spring-cloud-starter-stream-rabbit/2.0.1.RELEASE/spring-cloud-starter-stream-rabbit-2.0.1.RELEASE.jar:/Users/tangjuhong/software/develop/jar/org/springframework/cloud/spring-cloud-stream-binder-rabbit/2.0.1.RELEASE/spring-cloud-stream-binder-rabbit-2.0.1.RELEASE.jar:/Users/tangjuhong/software/develop/jar/org/springframework/cloud/spring-cloud-stream-binder-rabbit-core/2.0.1.RELEASE/spring-cloud-stream-binder-rabbit-core-2.0.1.RELEASE.jar:/Users/tangjuhong/software/develop/jar/com/rabbitmq/http-client/2.0.1.RELEASE/http-client-2.0.1.RELEASE.jar:/Users/tangjuhong/software/develop/jar/org/springframework/spring-webflux/5.0.9.RELEASE/spring-webflux-5.0.9.RELEASE.jar:/Users/tangjuhong/software/develop/jar/io/projectreactor/ipc/reactor-netty/0.7.9.RELEASE/reactor-netty-0.7.9.RELEASE.jar:/Users/tangjuhong/software/develop/jar/io/netty/netty-codec-http/4.1.29.Final/netty-codec-http-4.1.29.Final.jar:/Users/tangjuhong/software/develop/jar/io/netty/netty-codec/4.1.29.Final/netty-codec-4.1.29.Final.jar:/Users/tangjuhong/software/develop/jar/io/netty/netty-handler/4.1.29.Final/netty-handler-4.1.29.Final.jar:/Users/tangjuhong/software/develop/jar/io/netty/netty-buffer/4.1.29.Final/netty-buffer-4.1.29.Final.jar:/Users/tangjuhong/software/develop/jar/io/netty/netty-transport/4.1.29.Final/netty-transport-4.1.29.Final.jar:/Users/tangjuhong/software/develop/jar/io/netty/netty-resolver/4.1.29.Final/netty-resolver-4.1.29.Final.jar:/Users/tangjuhong/software/develop/jar/io/netty/netty-handler-proxy/4.1.29.Final/netty-handler-proxy-4.1.29.Final.jar:/Users/tangjuhong/software/develop/jar/io/netty/netty-codec-socks/4.1.29.Final/netty-codec-socks-4.1.29.Final.jar:/Users/tangjuhong/software/develop/jar/io/netty/netty-transport-native-epoll/4.1.29.Final/netty-transport-native-epoll-4.1.29.Final-linux-x86_64.jar:/Users/tangjuhong/software/develop/jar/io/netty/netty-common/4.1.29.Final/netty-common-4.1.29.Final.jar:/Users/tangjuhong/software/develop/jar/io/netty/netty-transport-native-unix-common/4.1.29.Final/netty-transport-native-unix-common-4.1.29.Final.jar:/Users/tangjuhong/software/develop/jar/org/springframework/boot/spring-boot-starter-amqp/2.0.5.RELEASE/spring-boot-starter-amqp-2.0.5.RELEASE.jar:/Users/tangjuhong/software/develop/jar/org/springframework/amqp/spring-rabbit/2.0.6.RELEASE/spring-rabbit-2.0.6.RELEASE.jar:/Users/tangjuhong/software/develop/jar/org/springframework/amqp/spring-amqp/2.0.6.RELEASE/spring-amqp-2.0.6.RELEASE.jar:/Users/tangjuhong/software/develop/jar/com/rabbitmq/amqp-client/5.4.1/amqp-client-5.4.1.jar:/Users/tangjuhong/software/develop/jar/org/springframework/integration/spring-integration-amqp/5.0.8.RELEASE/spring-integration-amqp-5.0.8.RELEASE.jar:/Users/tangjuhong/software/develop/jar/org/springframework/integration/spring-integration-jmx/5.0.8.RELEASE/spring-integration-jmx-5.0.8.RELEASE.jar:/Users/tangjuhong/software/develop/jar/org/springframework/cloud/spring-cloud-bus/2.0.0.RELEASE/spring-cloud-bus-2.0.0.RELEASE.jar:/Users/tangjuhong/software/develop/jar/org/springframework/cloud/spring-cloud-stream/2.0.1.RELEASE/spring-cloud-stream-2.0.1.RELEASE.jar:/Users/tangjuhong/software/develop/jar/org/springframework/boot/spring-boot-starter-validation/2.0.5.RELEASE/spring-boot-starter-validation-2.0.5.RELEASE.jar:/Users/tangjuhong/software/develop/jar/org/springframework/spring-messaging/5.0.9.RELEASE/spring-messaging-5.0.9.RELEASE.jar:/Users/tangjuhong/software/develop/jar/org/springframework/spring-tuple/1.0.0.RELEASE/spring-tuple-1.0.0.RELEASE.jar:/Users/tangjuhong/software/develop/jar/com/esotericsoftware/kryo-shaded/3.0.3/kryo-shaded-3.0.3.jar:/Users/tangjuhong/software/develop/jar/com/esotericsoftware/minlog/1.3.0/minlog-1.3.0.jar:/Users/tangjuhong/software/develop/jar/org/springframework/integration/spring-integration-tuple/1.0.0.RELEASE/spring-integration-tuple-1.0.0.RELEASE.jar:/Users/tangjuhong/software/develop/jar/org/springframework/retry/spring-retry/1.2.2.RELEASE/spring-retry-1.2.2.RELEASE.jar:/Users/tangjuhong/software/develop/jar/org/springframework/integration/spring-integration-core/5.0.8.RELEASE/spring-integration-core-5.0.8.RELEASE.jar:/Users/tangjuhong/software/develop/jar/org/springframework/spring-tx/5.0.9.RELEASE/spring-tx-5.0.9.RELEASE.jar:/Users/tangjuhong/software/develop/jar/io/projectreactor/reactor-core/3.1.9.RELEASE/reactor-core-3.1.9.RELEASE.jar:/Users/tangjuhong/software/develop/jar/org/reactivestreams/reactive-streams/1.0.2/reactive-streams-1.0.2.jar:/Users/tangjuhong/software/develop/jar/org/springframework/cloud/spring-cloud-config-monitor/2.0.2.RELEASE/spring-cloud-config-monitor-2.0.2.RELEASE.jar:/Users/tangjuhong/software/develop/jar/org/springframework/cloud/spring-cloud-config-server/2.0.2.RELEASE/spring-cloud-config-server-2.0.2.RELEASE.jar:/Users/tangjuhong/software/develop/jar/org/springframework/cloud/spring-cloud-config-client/2.0.2.RELEASE/spring-cloud-config-client-2.0.2.RELEASE.jar:/Users/tangjuhong/software/develop/jar/org/springframework/security/spring-security-crypto/5.0.8.RELEASE/spring-security-crypto-5.0.8.RELEASE.jar:/Users/tangjuhong/software/develop/jar/org/eclipse/jgit/org.eclipse.jgit/4.11.0.201803080745-r/org.eclipse.jgit-4.11.0.201803080745-r.jar:/Users/tangjuhong/software/develop/jar/com/jcraft/jsch/0.1.54/jsch-0.1.54.jar:/Users/tangjuhong/software/develop/jar/com/jcraft/jzlib/1.1.1/jzlib-1.1.1.jar:/Users/tangjuhong/software/develop/jar/com/googlecode/javaewah/JavaEWAH/1.1.6/JavaEWAH-1.1.6.jar:/Users/tangjuhong/software/develop/jar/org/eclipse/jgit/org.eclipse.jgit.http.apache/4.11.0.201803080745-r/org.eclipse.jgit.http.apache-4.11.0.201803080745-r.jar:/Users/tangjuhong/software/develop/jar/org/apache/httpcomponents/httpcore/4.4.10/httpcore-4.4.10.jar:/Users/tangjuhong/software/develop/jar/net/logstash/logback/logstash-logback-encoder/5.1/logstash-logback-encoder-5.1.jar:/Users/tangjuhong/software/develop/jar/ch/qos/logback/logback-core/1.2.3/logback-core-1.2.3.jar:/Users/tangjuhong/software/develop/jar/com/fasterxml/jackson/core/jackson-databind/2.9.6/jackson-databind-2.9.6.jar:/Users/tangjuhong/software/develop/jar/com/fasterxml/jackson/core/jackson-annotations/2.9.0/jackson-annotations-2.9.0.jar:/Users/tangjuhong/software/develop/jar/com/fasterxml/jackson/core/jackson-core/2.9.6/jackson-core-2.9.6.jar:/Users/tangjuhong/software/develop/jar/com/alibaba/fastjson/1.1.43/fastjson-1.1.43.jar:/Users/tangjuhong/software/develop/jar/org/springframework/boot/spring-boot-starter-web/2.0.5.RELEASE/spring-boot-starter-web-2.0.5.RELEASE.jar:/Users/tangjuhong/software/develop/jar/org/springframework/boot/spring-boot-starter-json/2.0.5.RELEASE/spring-boot-starter-json-2.0.5.RELEASE.jar:/Users/tangjuhong/software/develop/jar/com/fasterxml/jackson/datatype/jackson-datatype-jdk8/2.9.6/jackson-datatype-jdk8-2.9.6.jar:/Users/tangjuhong/software/develop/jar/com/fasterxml/jackson/datatype/jackson-datatype-jsr310/2.9.6/jackson-datatype-jsr310-2.9.6.jar:/Users/tangjuhong/software/develop/jar/com/fasterxml/jackson/module/jackson-module-parameter-names/2.9.6/jackson-module-parameter-names-2.9.6.jar:/Users/tangjuhong/software/develop/jar/org/springframework/boot/spring-boot-starter-tomcat/2.0.5.RELEASE/spring-boot-starter-tomcat-2.0.5.RELEASE.jar:/Users/tangjuhong/software/develop/jar/org/apache/tomcat/embed/tomcat-embed-core/8.5.34/tomcat-embed-core-8.5.34.jar:/Users/tangjuhong/software/develop/jar/org/apache/tomcat/embed/tomcat-embed-el/8.5.34/tomcat-embed-el-8.5.34.jar:/Users/tangjuhong/software/develop/jar/org/apache/tomcat/embed/tomcat-embed-websocket/8.5.34/tomcat-embed-websocket-8.5.34.jar:/Users/tangjuhong/software/develop/jar/org/hibernate/validator/hibernate-validator/6.0.12.Final/hibernate-validator-6.0.12.Final.jar:/Users/tangjuhong/software/develop/jar/javax/validation/validation-api/2.0.1.Final/validation-api-2.0.1.Final.jar:/Users/tangjuhong/software/develop/jar/org/jboss/logging/jboss-logging/3.3.2.Final/jboss-logging-3.3.2.Final.jar:/Users/tangjuhong/software/develop/jar/com/fasterxml/classmate/1.3.4/classmate-1.3.4.jar:/Users/tangjuhong/software/develop/jar/org/springframework/spring-web/5.0.9.RELEASE/spring-web-5.0.9.RELEASE.jar:/Users/tangjuhong/software/develop/jar/org/springframework/spring-beans/5.0.9.RELEASE/spring-beans-5.0.9.RELEASE.jar:/Users/tangjuhong/software/develop/jar/org/springframework/spring-webmvc/5.0.9.RELEASE/spring-webmvc-5.0.9.RELEASE.jar:/Users/tangjuhong/software/develop/jar/org/springframework/spring-aop/5.0.9.RELEASE/spring-aop-5.0.9.RELEASE.jar:/Users/tangjuhong/software/develop/jar/org/springframework/spring-context/5.0.9.RELEASE/spring-context-5.0.9.RELEASE.jar:/Users/tangjuhong/software/develop/jar/org/springframework/spring-expression/5.0.9.RELEASE/spring-expression-5.0.9.RELEASE.jar:"/>
    <property name="sun.cpu.endian" value="little"/>
    <property name="user.home" value="/Users/tangjuhong"/>
    <property name="user.language" value="zh"/>
    <property name="java.specification.vendor" value="Oracle Corporation"/>
    <property name="java.home" value="/Library/Java/JavaVirtualMachines/jdk1.8.0_171.jdk/Contents/Home/jre"/>
    <property name="basedir" value="/Users/tangjuhong/kuainiu/sourcecode/spring_cloud_study/register_center"/>
    <property name="file.separator" value="/"/>
    <property name="line.separator" value="&#10;"/>
    <property name="java.vm.specification.vendor" value="Oracle Corporation"/>
    <property name="java.specification.name" value="Java Platform API Specification"/>
    <property name="java.awt.graphicsenv" value="sun.awt.CGraphicsEnvironment"/>
    <property name="surefire.real.class.path" value="/Users/tangjuhong/kuainiu/sourcecode/spring_cloud_study/register_center/target/surefire/surefirebooter4770692960455246194.jar"/>
    <property name="sun.boot.class.path" value="/Library/Java/JavaVirtualMachines/jdk1.8.0_171.jdk/Contents/Home/jre/lib/resources.jar:/Library/Java/JavaVirtualMachines/jdk1.8.0_171.jdk/Contents/Home/jre/lib/rt.jar:/Library/Java/JavaVirtualMachines/jdk1.8.0_171.jdk/Contents/Home/jre/lib/sunrsasign.jar:/Library/Java/JavaVirtualMachines/jdk1.8.0_171.jdk/Contents/Home/jre/lib/jsse.jar:/Library/Java/JavaVirtualMachines/jdk1.8.0_171.jdk/Contents/Home/jre/lib/jce.jar:/Library/Java/JavaVirtualMachines/jdk1.8.0_171.jdk/Contents/Home/jre/lib/charsets.jar:/Library/Java/JavaVirtualMachines/jdk1.8.0_171.jdk/Contents/Home/jre/lib/jfr.jar:/Library/Java/JavaVirtualMachines/jdk1.8.0_171.jdk/Contents/Home/jre/classes"/>
    <property name="sun.management.compiler" value="HotSpot 64-Bit Tiered Compilers"/>
    <property name="java.runtime.version" value="1.8.0_171-b11"/>
    <property name="user.name" value="tangjuhong"/>
    <property name="path.separator" value=":"/>
    <property name="os.version" value="10.13.4"/>
    <property name="java.endorsed.dirs" value="/Library/Java/JavaVirtualMachines/jdk1.8.0_171.jdk/Contents/Home/jre/lib/endorsed"/>
    <property name="java.runtime.name" value="Java(TM) SE Runtime Environment"/>
    <property name="file.encoding" value="US-ASCII"/>
    <property name="java.vm.name" value="Java HotSpot(TM) 64-Bit Server VM"/>
    <property name="localRepository" value="/Users/tangjuhong/software/develop/jar"/>
    <property name="java.vendor.url.bug" value="http://bugreport.sun.com/bugreport/"/>
    <property name="java.io.tmpdir" value="/var/folders/45/xwvcv00x4_d2_wb3g6gqfjgm0000gn/T/"/>
    <property name="idea.version" value="2017.3.5"/>
    <property name="java.version" value="1.8.0_171"/>
    <property name="user.dir" value="/Users/tangjuhong/kuainiu/sourcecode/spring_cloud_study/register_center"/>
    <property name="os.arch" value="x86_64"/>
    <property name="java.vm.specification.name" value="Java Virtual Machine Specification"/>
    <property name="java.awt.printerjob" value="sun.lwawt.macosx.CPrinterJob"/>
    <property name="user.language.format" value="en"/>
    <property name="sun.os.patch.level" value="unknown"/>
    <property name="java.library.path" value="/Users/tangjuhong/Library/Java/Extensions:/Library/Java/Extensions:/Network/Library/Java/Extensions:/System/Library/Java/Extensions:/usr/lib/java:."/>
    <property name="java.vm.info" value="mixed mode"/>
    <property name="java.vendor" value="Oracle Corporation"/>
    <property name="java.vm.version" value="25.171-b11"/>
    <property name="java.ext.dirs" value="/Users/tangjuhong/Library/Java/Extensions:/Library/Java/JavaVirtualMachines/jdk1.8.0_171.jdk/Contents/Home/jre/lib/ext:/Library/Java/Extensions:/Network/Library/Java/Extensions:/System/Library/Java/Extensions:/usr/lib/java"/>
    <property name="sun.io.unicode.encoding" value="UnicodeBig"/>
    <property name="maven.repo.local" value="/Users/tangjuhong/software/develop/jar"/>
    <property name="java.class.version" value="52.0"/>
  </properties>
  <testcase name="shouldAnswerWithTrue" classname="com.tjh.AppTest" time="0.003"/>
</testsuite>